<?xml version="1.0" encoding="UTF-8"?>
<!-- Generated by org.testng.reporters.JUnitReportReporter -->
<testsuite hostname="DESKTOP-HBAUK9V" failures="0" tests="1" name="com.testAPI.TC_002_Get_Student_By_IDTest" time="0.419" errors="0" timestamp="2021-12-24T15:08:32 IST" skipped="0">
  <testcase classname="com.testAPI.TC_002_Get_Student_By_IDTest" name="getAllStudentsList" time="0.419"/>
  <system-out/>
</testsuite> <!-- com.testAPI.TC_002_Get_Student_By_IDTest -->
