<?xml version="1.0" encoding="UTF-8"?>
<!-- Generated by org.testng.reporters.JUnitReportReporter -->
<testsuite hostname="LP002839" failures="0" tests="2" name="com.testAPI.StudentAPITestWithSerialization_DeSerialization" time="1.826" errors="0" timestamp="2022-03-22T15:55:47 IST" skipped="0">
  <testcase classname="com.testAPI.StudentAPITestWithSerialization_DeSerialization" name="createNewStudentUsingSerialiation" time="1.780"/>
  <system-out/>
  <testcase classname="com.testAPI.StudentAPITestWithSerialization_DeSerialization" name="getStudentRecordUsingDeSerialization" time="0.046"/>
  <system-out/>
</testsuite> <!-- com.testAPI.StudentAPITestWithSerialization_DeSerialization -->
