<?xml version="1.0" encoding="UTF-8"?>
<!-- Generated by org.testng.reporters.JUnitReportReporter -->
<testsuite hostname="LP002839" failures="0" tests="3" name="com.testAPI.OAuth2_AuthenticationTest" time="2.858" errors="0" timestamp="2022-03-23T10:27:07 IST" skipped="0">
  <testcase classname="com.testAPI.OAuth2_AuthenticationTest" name="getAccessToken" time="1.876"/>
  <system-out/>
  <testcase classname="com.testAPI.OAuth2_AuthenticationTest" name="getUserID" time="0.448"/>
  <system-out/>
  <testcase classname="com.testAPI.OAuth2_AuthenticationTest" name="verifyPostMethod" time="0.534"/>
  <system-out/>
</testsuite> <!-- com.testAPI.OAuth2_AuthenticationTest -->
