<?xml version="1.0" encoding="UTF-8"?>
<!-- Generated by org.testng.reporters.JUnitReportReporter -->
<testsuite hostname="DESKTOP-HBAUK9V" failures="0" tests="1" name="testAPICalls.Get_All_Students" time="0.644" errors="0" timestamp="2021-12-10T16:14:11 IST" skipped="0">
  <testcase classname="testAPICalls.Get_All_Students" name="getAllStudentsList" time="0.644"/>
  <system-out/>
</testsuite> <!-- testAPICalls.Get_All_Students -->
