<?xml version="1.0" encoding="UTF-8"?>
<!-- Generated by org.testng.reporters.JUnitReportReporter -->
<testsuite hostname="DESKTOP-HBAUK9V" failures="0" tests="2" name="testAPICalls.StudentAPITestWithSerialization_DeSerialization" time="1.797" errors="0" timestamp="2021-12-10T17:07:23 IST" skipped="0">
  <testcase classname="testAPICalls.StudentAPITestWithSerialization_DeSerialization" name="createNewStudentUsingSerialiation" time="1.725"/>
  <system-out/>
  <testcase classname="testAPICalls.StudentAPITestWithSerialization_DeSerialization" name="getStudentRecordUsingDeSerialization" time="0.072"/>
  <system-out/>
</testsuite> <!-- testAPICalls.StudentAPITestWithSerialization_DeSerialization -->
