<?xml version="1.0" encoding="UTF-8"?>
<!-- Generated by org.testng.reporters.JUnitReportReporter -->
<testsuite hostname="LP002839" failures="0" tests="2" name="com.testAPI.TC_004_Update_StudentTest" time="1.669" errors="0" timestamp="2022-03-22T15:49:46 IST" skipped="0">
  <testcase classname="com.testAPI.TC_004_Update_StudentTest" name="createNewStudentUsingSerialiation" time="1.618"/>
  <system-out/>
  <testcase classname="com.testAPI.TC_004_Update_StudentTest" name="getStudentRecordUsingDeSerialization" time="0.051"/>
  <system-out/>
</testsuite> <!-- com.testAPI.TC_004_Update_StudentTest -->
