<?xml version="1.0" encoding="UTF-8"?>
<!-- Generated by org.testng.reporters.JUnitReportReporter -->
<testsuite hostname="LP002839" failures="0" tests="3" name="com.testAPI.OAuth_Authentication" time="3.072" errors="0" timestamp="2022-03-23T10:25:57 IST" skipped="0">
  <testcase classname="com.testAPI.OAuth_Authentication" name="getAccessToken" time="2.127"/>
  <system-out/>
  <testcase classname="com.testAPI.OAuth_Authentication" name="getUserID" time="0.415"/>
  <system-out/>
  <testcase classname="com.testAPI.OAuth_Authentication" name="verifyPostMethod" time="0.530"/>
  <system-out/>
</testsuite> <!-- com.testAPI.OAuth_Authentication -->
