<?xml version="1.0" encoding="UTF-8"?>
<!-- Generated by org.testng.reporters.JUnitReportReporter -->
<testsuite hostname="DESKTOP-HBAUK9V" failures="0" tests="1" name="com.testAPI.POST_Employees" time="21.625" errors="0" timestamp="2021-12-24T10:05:41 IST" skipped="0">
  <testcase classname="com.testAPI.POST_Employees" name="testPostEmployee" time="21.625"/>
  <system-out/>
</testsuite> <!-- com.testAPI.POST_Employees -->
