<?xml version="1.0" encoding="UTF-8"?>
<!-- Generated by org.testng.reporters.JUnitReportReporter -->
<testsuite hostname="DESKTOP-HBAUK9V" failures="0" tests="2" name="testAPICalls.Update_Student_Details" time="1.272" errors="0" timestamp="2021-12-10T16:09:14 IST" skipped="0">
  <testcase classname="testAPICalls.Update_Student_Details" name="updateStudent" time="1.194"/>
  <system-out/>
  <testcase classname="testAPICalls.Update_Student_Details" name="getUpdatedStudentDetails" time="0.078"/>
  <system-out/>
</testsuite> <!-- testAPICalls.Update_Student_Details -->
