<?xml version="1.0" encoding="UTF-8"?>
<!-- Generated by org.testng.reporters.JUnitReportReporter -->
<testsuite hostname="DESKTOP-HBAUK9V" failures="0" tests="1" name="com.testAPI.Get_Student_By_ID" time="1.058" errors="0" timestamp="2021-12-24T13:54:26 IST" skipped="0">
  <testcase classname="com.testAPI.Get_Student_By_ID" name="getAllStudentsList" time="1.058"/>
  <system-out/>
</testsuite> <!-- com.testAPI.Get_Student_By_ID -->
