<?xml version="1.0" encoding="UTF-8"?>
<!-- Generated by org.testng.reporters.JUnitReportReporter -->
<testsuite hostname="LP002839" failures="0" tests="2" name="com.testAPI.StudentAPITestWithoutSerialization" time="1.389" errors="0" timestamp="2022-03-22T15:53:48 IST" skipped="0">
  <testcase classname="com.testAPI.StudentAPITestWithoutSerialization" name="createNewStudent" time="1.319"/>
  <system-out/>
  <testcase classname="com.testAPI.StudentAPITestWithoutSerialization" name="verifyStudentCreation" time="0.070"/>
  <system-out/>
</testsuite> <!-- com.testAPI.StudentAPITestWithoutSerialization -->
