<?xml version="1.0" encoding="UTF-8"?>
<!-- Generated by org.testng.reporters.JUnitReportReporter -->
<testsuite hostname="DESKTOP-HBAUK9V" failures="0" tests="1" name="testAPICalls.Delete_Employee" time="9.314" errors="0" timestamp="2021-12-10T16:10:45 IST" skipped="0">
  <testcase classname="testAPICalls.Delete_Employee" name="testDeleteEmployee" time="9.314"/>
  <system-out/>
</testsuite> <!-- testAPICalls.Delete_Employee -->
