<?xml version="1.0" encoding="UTF-8"?>
<!-- Generated by org.testng.reporters.JUnitReportReporter -->
<testsuite hostname="LP002839" failures="0" tests="1" name="com.testAPI.PUT_Employee" time="3.600" errors="0" timestamp="2022-03-22T15:16:32 IST" skipped="0">
  <testcase classname="com.testAPI.PUT_Employee" name="testPutEmployee" time="3.600"/>
  <system-out/>
</testsuite> <!-- com.testAPI.PUT_Employee -->
