<?xml version="1.0" encoding="UTF-8"?>
<!-- Generated by org.testng.reporters.JUnitReportReporter -->
<testsuite hostname="LP002839" failures="0" tests="1" name="com.testAPI.Delete_Employee" time="2.459" errors="0" timestamp="2022-03-22T14:56:54 IST" skipped="0">
  <testcase classname="com.testAPI.Delete_Employee" name="testDeleteEmployee" time="2.459"/>
  <system-out/>
</testsuite> <!-- com.testAPI.Delete_Employee -->
