<?xml version="1.0" encoding="UTF-8"?>
<!-- Generated by org.testng.reporters.JUnitReportReporter -->
<testsuite hostname="DESKTOP-HBAUK9V" failures="0" tests="2" name="testAPICalls.StudentsAPITestWithoutSerialization" time="1.560" errors="0" timestamp="2021-12-10T16:08:25 IST" skipped="0">
  <testcase classname="testAPICalls.StudentsAPITestWithoutSerialization" name="createNewStudent" time="1.448"/>
  <system-out/>
  <testcase classname="testAPICalls.StudentsAPITestWithoutSerialization" name="verifyStudentCreation" time="0.112"/>
  <system-out/>
</testsuite> <!-- testAPICalls.StudentsAPITestWithoutSerialization -->
