<?xml version="1.0" encoding="UTF-8"?>
<!-- Generated by org.testng.reporters.JUnitReportReporter -->
<testsuite hostname="DESKTOP-HBAUK9V" failures="0" tests="1" name="testAPICalls.GET_Employees" time="14.650" errors="0" timestamp="2021-12-10T16:13:00 IST" skipped="0">
  <testcase classname="testAPICalls.GET_Employees" name="testGetMultipleEmployees" time="14.650"/>
  <system-out/>
</testsuite> <!-- testAPICalls.GET_Employees -->
