<?xml version="1.0" encoding="UTF-8"?>
<!-- Generated by org.testng.reporters.JUnitReportReporter -->
<testsuite hostname="LP002839" failures="0" tests="1" name="com.testAPI.TC_005_Delete_StudentTest" time="0.015" errors="0" timestamp="2022-03-22T15:20:38 IST" skipped="0">
  <testcase classname="com.testAPI.TC_005_Delete_StudentTest" name="deleteStudentTest" time="0.015"/>
  <system-out/>
</testsuite> <!-- com.testAPI.TC_005_Delete_StudentTest -->
