<?xml version="1.0" encoding="UTF-8"?>
<!-- Generated by org.testng.reporters.JUnitReportReporter -->
<testsuite hostname="LP002839" failures="0" tests="2" name="com.testAPI.TC_004_Update_StudentTest" time="0.058" errors="0" timestamp="2022-03-22T15:20:38 IST" skipped="0">
  <testcase classname="com.testAPI.TC_004_Update_StudentTest" name="createNewStudentUsingSerialiation" time="0.039"/>
  <system-out/>
  <testcase classname="com.testAPI.TC_004_Update_StudentTest" name="getStudentRecordUsingDeSerialization" time="0.019"/>
  <system-out/>
</testsuite> <!-- com.testAPI.TC_004_Update_StudentTest -->
