<?xml version="1.0" encoding="UTF-8"?>
<!-- Generated by org.testng.reporters.JUnitReportReporter -->
<testsuite hostname="DESKTOP-HBAUK9V" failures="0" tests="1" name="com.testAPI.Delete_StudentTest" time="1.026" errors="0" timestamp="2021-12-24T14:58:25 IST" skipped="0">
  <testcase classname="com.testAPI.Delete_StudentTest" name="deleteStudentTest" time="1.026"/>
  <system-out/>
</testsuite> <!-- com.testAPI.Delete_StudentTest -->
