<?xml version="1.0" encoding="UTF-8"?>
<!-- Generated by org.testng.reporters.JUnitReportReporter -->
<testsuite hostname="DESKTOP-HBAUK9V" failures="0" tests="1" name="testAPICalls.Get_Student_By_ID" time="0.625" errors="0" timestamp="2021-12-10T16:12:09 IST" skipped="0">
  <testcase classname="testAPICalls.Get_Student_By_ID" name="getAllStudentsList" time="0.625"/>
  <system-out/>
</testsuite> <!-- testAPICalls.Get_Student_By_ID -->
