<?xml version="1.0" encoding="UTF-8"?>
<!-- Generated by org.testng.reporters.JUnitReportReporter -->
<testsuite hostname="DESKTOP-HBAUK9V" failures="0" tests="1" name="com.testAPI.Get_All_Students" time="0.625" errors="0" timestamp="2021-12-24T12:35:08 IST" skipped="0">
  <testcase classname="com.testAPI.Get_All_Students" name="getAllStudentsList" time="0.625"/>
  <system-out/>
</testsuite> <!-- com.testAPI.Get_All_Students -->
