<?xml version="1.0" encoding="UTF-8"?>
<!-- Generated by org.testng.reporters.JUnitReportReporter -->
<testsuite hostname="DESKTOP-HBAUK9V" failures="0" tests="1" name="com.testAPI.TC_001_Get_All_StudentsTest" time="0.651" errors="0" timestamp="2021-12-24T15:08:32 IST" skipped="0">
  <testcase classname="com.testAPI.TC_001_Get_All_StudentsTest" name="getAllStudentsList" time="0.651"/>
  <system-out/>
</testsuite> <!-- com.testAPI.TC_001_Get_All_StudentsTest -->
