<?xml version="1.0" encoding="UTF-8"?>
<!-- Generated by org.testng.reporters.JUnitReportReporter -->
<testsuite hostname="DESKTOP-HBAUK9V" failures="0" tests="2" name="com.testAPI.Update_StudentTest" time="1.642" errors="0" timestamp="2021-12-24T14:49:31 IST" skipped="0">
  <testcase classname="com.testAPI.Update_StudentTest" name="createNewStudentUsingSerialiation" time="1.596"/>
  <system-out/>
  <testcase classname="com.testAPI.Update_StudentTest" name="getStudentRecordUsingDeSerialization" time="0.046"/>
  <system-out/>
</testsuite> <!-- com.testAPI.Update_StudentTest -->
