<?xml version="1.0" encoding="UTF-8"?>
<!-- Generated by org.testng.reporters.JUnitReportReporter -->
<testsuite hostname="DESKTOP-HBAUK9V" failures="0" tests="2" name="com.testAPI.Add_StudentTest" time="1.631" errors="0" timestamp="2021-12-24T14:43:15 IST" skipped="0">
  <testcase classname="com.testAPI.Add_StudentTest" name="createNewStudentUsingSerialiation" time="1.578"/>
  <system-out/>
  <testcase classname="com.testAPI.Add_StudentTest" name="getStudentRecordUsingDeSerialization" time="0.053"/>
  <system-out/>
</testsuite> <!-- com.testAPI.Add_StudentTest -->
