<?xml version="1.0" encoding="UTF-8"?>
<!-- Generated by org.testng.reporters.JUnitReportReporter -->
<testsuite hostname="DESKTOP-HBAUK9V" failures="0" tests="1" name="com.testAPI.GET_Employees" time="23.818" errors="0" timestamp="2021-12-24T10:05:41 IST" skipped="0">
  <testcase classname="com.testAPI.GET_Employees" name="testGetMultipleEmployees" time="23.818"/>
  <system-out/>
</testsuite> <!-- com.testAPI.GET_Employees -->
