<?xml version="1.0" encoding="UTF-8"?>
<!-- Generated by org.testng.reporters.JUnitReportReporter -->
<testsuite hostname="DESKTOP-HBAUK9V" failures="0" tests="1" name="GET_API_Automation" time="2.289" errors="0" timestamp="2021-12-09T17:09:35 IST" skipped="0">
  <testcase classname="GET_API_Automation" name="testGetMultipleEmployees" time="2.289"/>
  <system-out/>
</testsuite> <!-- GET_API_Automation -->
