<?xml version="1.0" encoding="UTF-8"?>
<!-- Generated by org.testng.reporters.JUnitReportReporter -->
<testsuite hostname="DESKTOP-HBAUK9V" failures="0" tests="2" name="com.testAPI.TC_003_Add_StudentTest" time="0.250" errors="0" timestamp="2021-12-24T15:08:32 IST" skipped="0">
  <testcase classname="com.testAPI.TC_003_Add_StudentTest" name="createNewStudentUsingSerialiation" time="0.205"/>
  <system-out/>
  <testcase classname="com.testAPI.TC_003_Add_StudentTest" name="getStudentRecordUsingDeSerialization" time="0.045"/>
  <system-out/>
</testsuite> <!-- com.testAPI.TC_003_Add_StudentTest -->
