<?xml version="1.0" encoding="UTF-8"?>
<!-- Generated by org.testng.reporters.JUnitReportReporter -->
<testsuite hostname="LP002839" failures="0" tests="2" name="com.testAPI.TC_003_Add_StudentTest" time="1.604" errors="0" timestamp="2022-03-22T15:45:48 IST" skipped="0">
  <testcase classname="com.testAPI.TC_003_Add_StudentTest" name="createNewStudentUsingSerialiation" time="1.553"/>
  <system-out/>
  <testcase classname="com.testAPI.TC_003_Add_StudentTest" name="getStudentRecordUsingDeSerialization" time="0.051"/>
  <system-out/>
</testsuite> <!-- com.testAPI.TC_003_Add_StudentTest -->
