<?xml version="1.0" encoding="UTF-8"?>
<!-- Generated by org.testng.reporters.JUnitReportReporter -->
<testsuite hostname="DESKTOP-HBAUK9V" failures="0" tests="1" name="testAPICalls.StudentsAPITestWithSerialization_DeSerialization" time="1.290" errors="0" timestamp="2021-12-10T16:34:38 IST" skipped="0">
  <testcase classname="testAPICalls.StudentsAPITestWithSerialization_DeSerialization" name="createNewStudent" time="1.290"/>
  <system-out/>
</testsuite> <!-- testAPICalls.StudentsAPITestWithSerialization_DeSerialization -->
