<?xml version="1.0" encoding="UTF-8"?>
<!-- Generated by org.testng.reporters.JUnitReportReporter -->
<testsuite hostname="DESKTOP-HBAUK9V" failures="0" tests="1" name="GET_Multiple_Employees" time="5.391" errors="0" timestamp="2021-12-10T11:52:34 IST" skipped="0">
  <testcase classname="GET_Multiple_Employees" name="testGetMultipleEmployees" time="5.391"/>
  <system-out/>
</testsuite> <!-- GET_Multiple_Employees -->
