<?xml version="1.0" encoding="UTF-8"?>
<!-- Generated by org.testng.reporters.JUnitReportReporter -->
<testsuite hostname="DESKTOP-HBAUK9V" failures="0" tests="1" name="testAPICalls.PUT_Employee" time="2.621" errors="0" timestamp="2021-12-10T16:09:50 IST" skipped="0">
  <testcase classname="testAPICalls.PUT_Employee" name="testPutEmployee" time="2.621"/>
  <system-out/>
</testsuite> <!-- testAPICalls.PUT_Employee -->
