<?xml version="1.0" encoding="UTF-8"?>
<!-- Generated by org.testng.reporters.JUnitReportReporter -->
<testsuite hostname="LP002839" failures="0" tests="1" name="com.testAPI.POST_Employees" time="2.456" errors="0" timestamp="2022-03-22T15:11:25 IST" skipped="0">
  <testcase classname="com.testAPI.POST_Employees" name="testPostEmployee" time="2.456"/>
  <system-out/>
</testsuite> <!-- com.testAPI.POST_Employees -->
