<?xml version="1.0" encoding="UTF-8"?>
<!-- Generated by org.testng.reporters.JUnitReportReporter -->
<testsuite hostname="DESKTOP-HBAUK9V" failures="0" tests="1" name="testAPICalls.POST_Employees" time="2.367" errors="0" timestamp="2021-12-10T16:10:15 IST" skipped="0">
  <testcase classname="testAPICalls.POST_Employees" name="testPostEmployee" time="2.367"/>
  <system-out/>
</testsuite> <!-- testAPICalls.POST_Employees -->
