<?xml version="1.0" encoding="UTF-8"?>
<!-- Generated by org.testng.reporters.JUnitReportReporter -->
<testsuite hostname="DESKTOP-HBAUK9V" failures="0" tests="1" name="com.testAPI.PUT_Employee" time="29.250" errors="0" timestamp="2021-12-24T10:05:41 IST" skipped="0">
  <testcase classname="com.testAPI.PUT_Employee" name="testPutEmployee" time="29.250"/>
  <system-out/>
</testsuite> <!-- com.testAPI.PUT_Employee -->
