<?xml version="1.0" encoding="UTF-8"?>
<!-- Generated by org.testng.reporters.JUnitReportReporter -->
<testsuite hostname="LP002839" failures="0" tests="1" name="com.testAPI.GET_Employees" time="4.649" errors="0" timestamp="2022-03-22T15:00:09 IST" skipped="0">
  <testcase classname="com.testAPI.GET_Employees" name="testGetMultipleEmployees" time="4.649"/>
  <system-out/>
</testsuite> <!-- com.testAPI.GET_Employees -->
